app/build/intermediates/manifest_merge_blame_file/debug/manifest-merger-blame-debug-report.txt
1<?xml version="1.0" encoding="utf-8"?>
2<manifest xmlns:android="http://schemas.android.com/apk/res/android"
3    package="com.smallacademy.userroles"
4    android:versionCode="1"
5    android:versionName="1.0" >
6
7    <uses-sdk
8        android:minSdkVersion="23"
8-->src\main\AndroidManifest.xml
9        android:targetSdkVersion="30" />
9-->src\main\AndroidManifest.xml
10
11    <uses-permission android:name="android.permission.INTERNET" />
11-->[com.google.firebase:firebase-auth:20.0.2] AndroidManifest.xml:23:5-67
11-->[com.google.firebase:firebase-auth:20.0.2] AndroidManifest.xml:23:22-64
12    <uses-permission android:name="android.permission.ACCESS_NETWORK_STATE" />
12-->[com.google.firebase:firebase-auth:20.0.2] AndroidManifest.xml:24:5-79
12-->[com.google.firebase:firebase-auth:20.0.2] AndroidManifest.xml:24:22-76
13    <uses-permission android:name="android.permission.WAKE_LOCK" />
13-->[com.google.android.gms:play-services-measurement-api:18.0.1] AndroidManifest.xml:24:5-68
13-->[com.google.android.gms:play-services-measurement-api:18.0.1] AndroidManifest.xml:24:22-65
14    <uses-permission android:name="com.google.android.finsky.permission.BIND_GET_INSTALL_REFERRER_SERVICE" />
14-->[com.google.android.gms:play-services-measurement:18.0.1] AndroidManifest.xml:26:5-110
14-->[com.google.android.gms:play-services-measurement:18.0.1] AndroidManifest.xml:26:22-107
15
16    <application
16-->src\main\AndroidManifest.xml:5:5-23:19
17        android:allowBackup="true"
17-->src\main\AndroidManifest.xml:6:9-35
18        android:appComponentFactory="androidx.core.app.CoreComponentFactory"
18-->[androidx.core:core:1.3.1] AndroidManifest.xml:24:18-86
19        android:debuggable="true"
20        android:extractNativeLibs="false"
21        android:icon="@mipmap/ic_launcher"
21-->src\main\AndroidManifest.xml:7:9-43
22        android:label="@string/app_name"
22-->src\main\AndroidManifest.xml:8:9-41
23        android:roundIcon="@mipmap/ic_launcher_round"
23-->src\main\AndroidManifest.xml:9:9-54
24        android:supportsRtl="true"
24-->src\main\AndroidManifest.xml:10:9-35
25        android:testOnly="true"
26        android:theme="@style/AppTheme" >
26-->src\main\AndroidManifest.xml:11:9-40
27        <activity android:name="com.smallacademy.userroles.Login" >
27-->src\main\AndroidManifest.xml:12:9-19:20
27-->src\main\AndroidManifest.xml:12:19-40
28            <intent-filter>
28-->src\main\AndroidManifest.xml:14:13-18:29
29                <action android:name="android.intent.action.MAIN" />
29-->src\main\AndroidManifest.xml:15:17-69
29-->src\main\AndroidManifest.xml:15:25-66
30
31                <category android:name="android.intent.category.LAUNCHER" />
31-->src\main\AndroidManifest.xml:17:17-77
31-->src\main\AndroidManifest.xml:17:27-74
32            </intent-filter>
33        </activity>
34        <activity android:name="com.smallacademy.userroles.Register" />
34-->src\main\AndroidManifest.xml:20:9-46
34-->src\main\AndroidManifest.xml:20:19-43
35        <activity android:name="com.smallacademy.userroles.MainActivity" />
35-->src\main\AndroidManifest.xml:21:9-50
35-->src\main\AndroidManifest.xml:21:19-47
36        <activity
36-->[com.google.firebase:firebase-auth:20.0.2] AndroidManifest.xml:27:9-44:20
37            android:name="com.google.firebase.auth.internal.GenericIdpActivity"
37-->[com.google.firebase:firebase-auth:20.0.2] AndroidManifest.xml:28:13-80
38            android:excludeFromRecents="true"
38-->[com.google.firebase:firebase-auth:20.0.2] AndroidManifest.xml:29:13-46
39            android:exported="true"
39-->[com.google.firebase:firebase-auth:20.0.2] AndroidManifest.xml:30:13-36
40            android:launchMode="singleTask"
40-->[com.google.firebase:firebase-auth:20.0.2] AndroidManifest.xml:31:13-44
41            android:theme="@android:style/Theme.Translucent.NoTitleBar" >
41-->[com.google.firebase:firebase-auth:20.0.2] AndroidManifest.xml:32:13-72
42            <intent-filter>
42-->[com.google.firebase:firebase-auth:20.0.2] AndroidManifest.xml:33:13-43:29
43                <action android:name="android.intent.action.VIEW" />
43-->[com.google.firebase:firebase-auth:20.0.2] AndroidManifest.xml:34:17-69
43-->[com.google.firebase:firebase-auth:20.0.2] AndroidManifest.xml:34:25-66
44
45                <category android:name="android.intent.category.DEFAULT" />
45-->[com.google.firebase:firebase-auth:20.0.2] AndroidManifest.xml:36:17-76
45-->[com.google.firebase:firebase-auth:20.0.2] AndroidManifest.xml:36:27-73
46                <category android:name="android.intent.category.BROWSABLE" />
46-->[com.google.firebase:firebase-auth:20.0.2] AndroidManifest.xml:37:17-78
46-->[com.google.firebase:firebase-auth:20.0.2] AndroidManifest.xml:37:27-75
47
48                <data
48-->[com.google.firebase:firebase-auth:20.0.2] AndroidManifest.xml:39:17-42:51
49                    android:host="firebase.auth"
49-->[com.google.firebase:firebase-auth:20.0.2] AndroidManifest.xml:40:21-49
50                    android:path="/"
50-->[com.google.firebase:firebase-auth:20.0.2] AndroidManifest.xml:41:21-37
51                    android:scheme="genericidp" />
51-->[com.google.firebase:firebase-auth:20.0.2] AndroidManifest.xml:42:21-48
52            </intent-filter>
53        </activity>
54        <activity
54-->[com.google.firebase:firebase-auth:20.0.2] AndroidManifest.xml:45:9-62:20
55            android:name="com.google.firebase.auth.internal.RecaptchaActivity"
55-->[com.google.firebase:firebase-auth:20.0.2] AndroidManifest.xml:46:13-79
56            android:excludeFromRecents="true"
56-->[com.google.firebase:firebase-auth:20.0.2] AndroidManifest.xml:47:13-46
57            android:exported="true"
57-->[com.google.firebase:firebase-auth:20.0.2] AndroidManifest.xml:48:13-36
58            android:launchMode="singleTask"
58-->[com.google.firebase:firebase-auth:20.0.2] AndroidManifest.xml:49:13-44
59            android:theme="@android:style/Theme.Translucent.NoTitleBar" >
59-->[com.google.firebase:firebase-auth:20.0.2] AndroidManifest.xml:50:13-72
60            <intent-filter>
60-->[com.google.firebase:firebase-auth:20.0.2] AndroidManifest.xml:51:13-61:29
61                <action android:name="android.intent.action.VIEW" />
61-->[com.google.firebase:firebase-auth:20.0.2] AndroidManifest.xml:34:17-69
61-->[com.google.firebase:firebase-auth:20.0.2] AndroidManifest.xml:34:25-66
62
63                <category android:name="android.intent.category.DEFAULT" />
63-->[com.google.firebase:firebase-auth:20.0.2] AndroidManifest.xml:36:17-76
63-->[com.google.firebase:firebase-auth:20.0.2] AndroidManifest.xml:36:27-73
64                <category android:name="android.intent.category.BROWSABLE" />
64-->[com.google.firebase:firebase-auth:20.0.2] AndroidManifest.xml:37:17-78
64-->[com.google.firebase:firebase-auth:20.0.2] AndroidManifest.xml:37:27-75
65
66                <data
66-->[com.google.firebase:firebase-auth:20.0.2] AndroidManifest.xml:39:17-42:51
67                    android:host="firebase.auth"
67-->[com.google.firebase:firebase-auth:20.0.2] AndroidManifest.xml:40:21-49
68                    android:path="/"
68-->[com.google.firebase:firebase-auth:20.0.2] AndroidManifest.xml:41:21-37
69                    android:scheme="recaptcha" />
69-->[com.google.firebase:firebase-auth:20.0.2] AndroidManifest.xml:42:21-48
70            </intent-filter>
71        </activity>
72
73        <service
73-->[com.google.firebase:firebase-auth:20.0.2] AndroidManifest.xml:64:9-73:19
74            android:name="com.google.firebase.auth.api.fallback.service.FirebaseAuthFallbackService"
74-->[com.google.firebase:firebase-auth:20.0.2] AndroidManifest.xml:65:13-101
75            android:enabled="true"
75-->[com.google.firebase:firebase-auth:20.0.2] AndroidManifest.xml:66:13-35
76            android:exported="false" >
76-->[com.google.firebase:firebase-auth:20.0.2] AndroidManifest.xml:67:13-37
77            <intent-filter>
77-->[com.google.firebase:firebase-auth:20.0.2] AndroidManifest.xml:68:13-72:29
78                <action android:name="com.google.firebase.auth.api.gms.service.START" />
78-->[com.google.firebase:firebase-auth:20.0.2] AndroidManifest.xml:69:17-89
78-->[com.google.firebase:firebase-auth:20.0.2] AndroidManifest.xml:69:25-86
79
80                <category android:name="android.intent.category.DEFAULT" />
80-->[com.google.firebase:firebase-auth:20.0.2] AndroidManifest.xml:36:17-76
80-->[com.google.firebase:firebase-auth:20.0.2] AndroidManifest.xml:36:27-73
81            </intent-filter>
82        </service>
83        <service
83-->[com.google.firebase:firebase-auth:20.0.2] AndroidManifest.xml:74:9-80:19
84            android:name="com.google.firebase.components.ComponentDiscoveryService"
84-->[com.google.firebase:firebase-auth:20.0.2] AndroidManifest.xml:75:13-84
85            android:directBootAware="true"
85-->[com.google.firebase:firebase-common:19.5.0] AndroidManifest.xml:35:13-43
86            android:exported="false" >
86-->[com.google.firebase:firebase-auth:20.0.2] AndroidManifest.xml:76:13-37
87            <meta-data
87-->[com.google.firebase:firebase-auth:20.0.2] AndroidManifest.xml:77:13-79:85
88                android:name="com.google.firebase.components:com.google.firebase.auth.FirebaseAuthRegistrar"
88-->[com.google.firebase:firebase-auth:20.0.2] AndroidManifest.xml:78:17-109
89                android:value="com.google.firebase.components.ComponentRegistrar" />
89-->[com.google.firebase:firebase-auth:20.0.2] AndroidManifest.xml:79:17-82
90            <meta-data
90-->[com.google.firebase:firebase-firestore:22.0.1] AndroidManifest.xml:20:13-22:85
91                android:name="com.google.firebase.components:com.google.firebase.firestore.FirestoreRegistrar"
91-->[com.google.firebase:firebase-firestore:22.0.1] AndroidManifest.xml:21:17-111
92                android:value="com.google.firebase.components.ComponentRegistrar" />
92-->[com.google.firebase:firebase-firestore:22.0.1] AndroidManifest.xml:22:17-82
93            <meta-data
93-->[com.google.android.gms:play-services-measurement-api:18.0.1] AndroidManifest.xml:30:13-32:85
94                android:name="com.google.firebase.components:com.google.firebase.analytics.connector.internal.AnalyticsConnectorRegistrar"
94-->[com.google.android.gms:play-services-measurement-api:18.0.1] AndroidManifest.xml:31:17-139
95                android:value="com.google.firebase.components.ComponentRegistrar" />
95-->[com.google.android.gms:play-services-measurement-api:18.0.1] AndroidManifest.xml:32:17-82
96            <meta-data
96-->[com.google.firebase:firebase-installations:16.3.5] AndroidManifest.xml:18:13-20:85
97                android:name="com.google.firebase.components:com.google.firebase.installations.FirebaseInstallationsRegistrar"
97-->[com.google.firebase:firebase-installations:16.3.5] AndroidManifest.xml:19:17-127
98                android:value="com.google.firebase.components.ComponentRegistrar" />
98-->[com.google.firebase:firebase-installations:16.3.5] AndroidManifest.xml:20:17-82
99            <!--
100                This registrar is not defined in the dynamic-module-support sdk itself to allow non-firebase
101                clients to use it as well, by defining this registrar in their own core/common library.
102            -->
103            <meta-data
103-->[com.google.firebase:firebase-common:19.5.0] AndroidManifest.xml:43:13-45:85
104                android:name="com.google.firebase.components:com.google.firebase.dynamicloading.DynamicLoadingRegistrar"
104-->[com.google.firebase:firebase-common:19.5.0] AndroidManifest.xml:44:17-121
105                android:value="com.google.firebase.components.ComponentRegistrar" />
105-->[com.google.firebase:firebase-common:19.5.0] AndroidManifest.xml:45:17-82
106        </service>
107
108        <provider
108-->[com.google.firebase:firebase-common:19.5.0] AndroidManifest.xml:26:9-31:39
109            android:name="com.google.firebase.provider.FirebaseInitProvider"
109-->[com.google.firebase:firebase-common:19.5.0] AndroidManifest.xml:27:13-77
110            android:authorities="com.smallacademy.userroles.firebaseinitprovider"
110-->[com.google.firebase:firebase-common:19.5.0] AndroidManifest.xml:28:13-72
111            android:directBootAware="true"
111-->[com.google.firebase:firebase-common:19.5.0] AndroidManifest.xml:29:13-43
112            android:exported="false"
112-->[com.google.firebase:firebase-common:19.5.0] AndroidManifest.xml:30:13-37
113            android:initOrder="100" />
113-->[com.google.firebase:firebase-common:19.5.0] AndroidManifest.xml:31:13-36
114
115        <activity
115-->[com.google.android.gms:play-services-base:17.1.0] AndroidManifest.xml:23:9-26:75
116            android:name="com.google.android.gms.common.api.GoogleApiActivity"
116-->[com.google.android.gms:play-services-base:17.1.0] AndroidManifest.xml:24:13-79
117            android:exported="false"
117-->[com.google.android.gms:play-services-base:17.1.0] AndroidManifest.xml:25:13-37
118            android:theme="@android:style/Theme.Translucent.NoTitleBar" />
118-->[com.google.android.gms:play-services-base:17.1.0] AndroidManifest.xml:26:13-72
119
120        <receiver
120-->[com.google.android.gms:play-services-measurement:18.0.1] AndroidManifest.xml:29:9-33:20
121            android:name="com.google.android.gms.measurement.AppMeasurementReceiver"
121-->[com.google.android.gms:play-services-measurement:18.0.1] AndroidManifest.xml:30:13-85
122            android:enabled="true"
122-->[com.google.android.gms:play-services-measurement:18.0.1] AndroidManifest.xml:31:13-35
123            android:exported="false" >
123-->[com.google.android.gms:play-services-measurement:18.0.1] AndroidManifest.xml:32:13-37
124        </receiver>
125
126        <service
126-->[com.google.android.gms:play-services-measurement:18.0.1] AndroidManifest.xml:35:9-38:40
127            android:name="com.google.android.gms.measurement.AppMeasurementService"
127-->[com.google.android.gms:play-services-measurement:18.0.1] AndroidManifest.xml:36:13-84
128            android:enabled="true"
128-->[com.google.android.gms:play-services-measurement:18.0.1] AndroidManifest.xml:37:13-35
129            android:exported="false" />
129-->[com.google.android.gms:play-services-measurement:18.0.1] AndroidManifest.xml:38:13-37
130        <service
130-->[com.google.android.gms:play-services-measurement:18.0.1] AndroidManifest.xml:39:9-43:72
131            android:name="com.google.android.gms.measurement.AppMeasurementJobService"
131-->[com.google.android.gms:play-services-measurement:18.0.1] AndroidManifest.xml:40:13-87
132            android:enabled="true"
132-->[com.google.android.gms:play-services-measurement:18.0.1] AndroidManifest.xml:41:13-35
133            android:exported="false"
133-->[com.google.android.gms:play-services-measurement:18.0.1] AndroidManifest.xml:42:13-37
134            android:permission="android.permission.BIND_JOB_SERVICE" />
134-->[com.google.android.gms:play-services-measurement:18.0.1] AndroidManifest.xml:43:13-69
135
136        <meta-data
136-->[com.google.android.gms:play-services-basement:17.1.0] AndroidManifest.xml:23:9-25:69
137            android:name="com.google.android.gms.version"
137-->[com.google.android.gms:play-services-basement:17.1.0] AndroidManifest.xml:24:13-58
138            android:value="@integer/google_play_services_version" />
138-->[com.google.android.gms:play-services-basement:17.1.0] AndroidManifest.xml:25:13-66
139    </application>
140
141</manifest>